%Cpu(s): 10,8 usuario, 10,0 sist,  0,0 adecuado, 77,8 inact,  1,4 en espera,  0,
%Cpu(s):  9,7 usuario,  9,6 sist,  0,0 adecuado, 80,3 inact,  0,4 en espera,  0,
%Cpu(s): 10,0 usuario, 10,2 sist,  0,0 adecuado, 79,0 inact,  0,8 en espera,  0,
%Cpu(s):  9,4 usuario, 10,1 sist,  0,0 adecuado, 80,3 inact,  0,1 en espera,  0,
%Cpu(s): 11,1 usuario, 12,6 sist,  0,0 adecuado, 76,2 inact,  0,0 en espera,  0,
%Cpu(s): 11,9 usuario, 11,3 sist,  0,0 adecuado, 76,7 inact,  0,1 en espera,  0,
%Cpu(s): 10,5 usuario, 11,8 sist,  0,0 adecuado, 77,6 inact,  0,1 en espera,  0,
%Cpu(s): 11,4 usuario, 11,1 sist,  0,0 adecuado, 77,5 inact,  0,0 en espera,  0,
%Cpu(s):  8,6 usuario,  8,5 sist,  0,0 adecuado, 82,8 inact,  0,0 en espera,  0,
%Cpu(s):  9,7 usuario, 10,5 sist,  0,0 adecuado, 79,8 inact,  0,0 en espera,  0,
%Cpu(s): 10,2 usuario,  9,7 sist,  0,0 adecuado, 80,1 inact,  0,0 en espera,  0,
%Cpu(s):  9,7 usuario, 10,3 sist,  0,0 adecuado, 79,9 inact,  0,1 en espera,  0,
%Cpu(s): 11,5 usuario, 11,0 sist,  0,0 adecuado, 77,4 inact,  0,1 en espera,  0,
%Cpu(s): 11,3 usuario, 11,3 sist,  0,0 adecuado, 77,3 inact,  0,1 en espera,  0,
%Cpu(s): 13,1 usuario, 12,7 sist,  0,0 adecuado, 74,0 inact,  0,1 en espera,  0,
%Cpu(s): 10,7 usuario, 10,7 sist,  0,0 adecuado, 78,6 inact,  0,0 en espera,  0,
%Cpu(s):  9,8 usuario,  9,9 sist,  0,0 adecuado, 80,3 inact,  0,0 en espera,  0,
%Cpu(s): 11,2 usuario, 10,8 sist,  0,0 adecuado, 77,9 inact,  0,0 en espera,  0,
%Cpu(s): 10,4 usuario, 10,5 sist,  0,0 adecuado, 79,2 inact,  0,0 en espera,  0,
%Cpu(s):  8,9 usuario,  9,5 sist,  0,0 adecuado, 81,6 inact,  0,0 en espera,  0,
%Cpu(s): 12,2 usuario, 13,3 sist,  0,0 adecuado, 74,2 inact,  0,4 en espera,  0,
%Cpu(s): 11,1 usuario, 11,5 sist,  0,0 adecuado, 77,3 inact,  0,0 en espera,  0,
%Cpu(s): 12,3 usuario, 12,5 sist,  0,0 adecuado, 75,1 inact,  0,1 en espera,  0,
%Cpu(s): 11,1 usuario, 11,5 sist,  0,0 adecuado, 77,3 inact,  0,2 en espera,  0,
%Cpu(s): 10,3 usuario,  9,7 sist,  0,0 adecuado, 79,1 inact,  0,9 en espera,  0,
%Cpu(s):  9,1 usuario,  9,5 sist,  0,0 adecuado, 81,3 inact,  0,0 en espera,  0,
%Cpu(s): 11,7 usuario, 11,6 sist,  0,0 adecuado, 76,7 inact,  0,0 en espera,  0,
%Cpu(s): 12,3 usuario, 12,5 sist,  0,0 adecuado, 75,1 inact,  0,2 en espera,  0,
%Cpu(s): 11,2 usuario, 11,5 sist,  0,0 adecuado, 77,2 inact,  0,0 en espera,  0,
%Cpu(s): 10,6 usuario, 11,7 sist,  0,0 adecuado, 77,6 inact,  0,1 en espera,  0,
%Cpu(s): 12,0 usuario, 11,3 sist,  0,0 adecuado, 76,7 inact,  0,0 en espera,  0,
%Cpu(s): 10,2 usuario, 11,8 sist,  0,0 adecuado, 77,9 inact,  0,1 en espera,  0,
%Cpu(s): 12,3 usuario, 12,5 sist,  0,0 adecuado, 75,2 inact,  0,0 en espera,  0,
%Cpu(s):  8,5 usuario,  9,8 sist,  0,0 adecuado, 81,6 inact,  0,1 en espera,  0,
%Cpu(s): 11,3 usuario, 11,5 sist,  0,0 adecuado, 77,0 inact,  0,2 en espera,  0,
%Cpu(s): 13,7 usuario, 13,2 sist,  0,0 adecuado, 72,9 inact,  0,1 en espera,  0,
%Cpu(s): 12,4 usuario, 12,3 sist,  0,0 adecuado, 75,3 inact,  0,0 en espera,  0,
%Cpu(s): 12,4 usuario, 10,8 sist,  0,0 adecuado, 76,6 inact,  0,1 en espera,  0,
%Cpu(s):  9,7 usuario,  9,1 sist,  0,0 adecuado, 81,0 inact,  0,1 en espera,  0,
%Cpu(s): 12,1 usuario, 12,0 sist,  0,0 adecuado, 76,0 inact,  0,0 en espera,  0,
%Cpu(s): 14,7 usuario, 14,1 sist,  0,0 adecuado, 70,7 inact,  0,4 en espera,  0,
%Cpu(s): 15,9 usuario, 12,9 sist,  0,0 adecuado, 70,8 inact,  0,4 en espera,  0,
%Cpu(s): 12,6 usuario, 11,2 sist,  0,0 adecuado, 75,7 inact,  0,4 en espera,  0,
%Cpu(s): 13,7 usuario, 12,7 sist,  0,0 adecuado, 72,9 inact,  0,7 en espera,  0,
%Cpu(s): 14,7 usuario, 14,5 sist,  0,0 adecuado, 70,6 inact,  0,2 en espera,  0,
%Cpu(s): 15,1 usuario, 13,1 sist,  0,0 adecuado, 71,0 inact,  0,8 en espera,  0,
%Cpu(s): 11,8 usuario, 11,3 sist,  0,0 adecuado, 76,5 inact,  0,4 en espera,  0,
%Cpu(s): 14,2 usuario, 11,2 sist,  0,0 adecuado, 73,1 inact,  1,5 en espera,  0,
%Cpu(s): 15,6 usuario, 13,1 sist,  0,0 adecuado, 70,8 inact,  0,4 en espera,  0,
%Cpu(s): 13,0 usuario, 13,3 sist,  0,0 adecuado, 73,3 inact,  0,4 en espera,  0,
%Cpu(s): 13,9 usuario, 11,8 sist,  0,0 adecuado, 77,5 inact,  0,0 en espera,  0,
%Cpu(s): 12,3 usuario, 12,5 sist,  0,0 adecuado, 75,1 inact,  0,1 en espera,  0,
%Cpu(s): 10,3 usuario, 10,7 sist,  0,0 adecuado, 79,1 inact,  0,0 en espera,  0,
%Cpu(s): 10,7 usuario, 11,9 sist,  0,0 adecuado, 77,3 inact,  0,1 en espera,  0,
%Cpu(s): 11,7 usuario, 11,2 sist,  0,0 adecuado, 77,1 inact,  0,0 en espera,  0,
%Cpu(s): 10,2 usuario, 11,8 sist,  0,0 adecuado, 77,9 inact,  0,1 en espera,  0,
%Cpu(s): 12,1 usuario, 12,1 sist,  0,0 adecuado, 75,8 inact,  0,0 en espera,  0,
%Cpu(s):  8,5 usuario,  9,8 sist,  0,0 adecuado, 81,6 inact,  0,1 en espera,  0,
%Cpu(s): 11,3 usuario, 11,5 sist,  0,0 adecuado, 77,0 inact,  0,2 en espera,  0,
%Cpu(s): 13,9 usuario, 13,4 sist,  0,0 adecuado, 72,6 inact,  0,1 en espera,  0,
%Cpu(s): 12,2 usuario, 12,4 sist,  0,0 adecuado, 75,4 inact,  0,0 en espera,  0,
%Cpu(s): 11,8 usuario, 10,3 sist,  0,0 adecuado, 77,7 inact,  0,1 en espera,  0,
%Cpu(s):  9,5 usuario,  9,2 sist,  0,0 adecuado, 81,2 inact,  0,1 en espera,  0,
%Cpu(s): 12,6 usuario, 12,5 sist,  0,0 adecuado, 74,9 inact,  0,0 en espera,  0,
%Cpu(s): 14,4 usuario, 13,8 sist,  0,0 adecuado, 71,4 inact,  0,4 en espera,  0,
%Cpu(s): 15,5 usuario, 13,5 sist,  0,0 adecuado, 70,6 inact,  0,3 en espera,  0,
%Cpu(s): 12,4 usuario, 11,3 sist,  0,0 adecuado, 75,9 inact,  0,4 en espera,  0,
%Cpu(s): 13,7 usuario, 12,7 sist,  0,0 adecuado, 72,8 inact,  0,7 en espera,  0,
%Cpu(s): 14,7 usuario, 14,5 sist,  0,0 adecuado, 70,6 inact,  0,2 en espera,  0,
%Cpu(s): 15,5 usuario, 13,1 sist,  0,0 adecuado, 70,6 inact,  0,8 en espera,  0,
%Cpu(s): 12,0 usuario, 11,4 sist,  0,0 adecuado, 76,2 inact,  0,4 en espera,  0,
%Cpu(s): 14,2 usuario, 11,1 sist,  0,0 adecuado, 73,2 inact,  1,5 en espera,  0,
%Cpu(s): 15,5 usuario, 13,2 sist,  0,0 adecuado, 70,9 inact,  0,4 en espera,  0,
%Cpu(s): 13,2 usuario, 13,2 sist,  0,0 adecuado, 73,2 inact,  0,4 en espera,  0,
%Cpu(s): 14,3 usuario, 12,6 sist,  0,0 adecuado, 72,8 inact,  0,3 en espera,  0,
%Cpu(s): 11,6 usuario, 10,3 sist,  0,0 adecuado, 77,3 inact,  0,7 en espera,  0,
%Cpu(s): 12,1 usuario, 13,3 sist,  0,0 adecuado, 74,4 inact,  0,2 en espera,  0,
%Cpu(s): 15,8 usuario, 14,4 sist,  0,0 adecuado, 69,6 inact,  0,2 en espera,  0,
%Cpu(s): 12,8 usuario, 13,3 sist,  0,0 adecuado, 73,9 inact,  0,1 en espera,  0,
%Cpu(s): 10,8 usuario, 11,8 sist,  0,0 adecuado, 77,2 inact,  0,2 en espera,  0,
%Cpu(s): 12,6 usuario, 11,0 sist,  0,0 adecuado, 76,0 inact,  0,4 en espera,  0,
%Cpu(s): 17,6 usuario, 15,6 sist,  0,0 adecuado, 66,3 inact,  0,6 en espera,  0,
%Cpu(s): 12,4 usuario, 13,7 sist,  0,0 adecuado, 73,6 inact,  0,4 en espera,  0,
%Cpu(s): 11,4 usuario, 11,8 sist,  0,0 adecuado, 76,7 inact,  0,1 en espera,  0,
%Cpu(s):  9,9 usuario, 11,9 sist,  0,0 adecuado, 78,2 inact,  0,0 en espera,  0,
%Cpu(s): 14,6 usuario, 14,8 sist,  0,0 adecuado, 70,6 inact,  0,0 en espera,  0,
%Cpu(s): 14,8 usuario, 16,0 sist,  0,0 adecuado, 69,1 inact,  0,1 en espera,  0,
%Cpu(s): 12,9 usuario, 14,3 sist,  0,0 adecuado, 72,7 inact,  0,1 en espera,  0,
%Cpu(s):  9,8 usuario, 10,8 sist,  0,0 adecuado, 79,3 inact,  0,1 en espera,  0,
%Cpu(s): 12,1 usuario, 13,8 sist,  0,0 adecuado, 74,1 inact,  0,0 en espera,  0,
%Cpu(s): 14,4 usuario, 16,5 sist,  0,0 adecuado, 69,1 inact,  0,0 en espera,  0,
%Cpu(s): 13,9 usuario, 13,4 sist,  0,0 adecuado, 72,6 inact,  0,1 en espera,  0,
%Cpu(s): 11,7 usuario, 12,7 sist,  0,0 adecuado, 75,6 inact,  0,0 en espera,  0,
%Cpu(s): 10,0 usuario,  9,3 sist,  0,0 adecuado, 80,6 inact,  0,1 en espera,  0,
%Cpu(s): 12,6 usuario, 14,7 sist,  0,0 adecuado, 72,7 inact,  0,0 en espera,  0,
%Cpu(s): 13,6 usuario, 14,4 sist,  0,0 adecuado, 71,9 inact,  0,0 en espera,  0,
%Cpu(s): 16,0 usuario, 14,5 sist,  0,0 adecuado, 68,8 inact,  0,7 en espera,  0,
%Cpu(s): 16,6 usuario, 11,7 sist,  0,0 adecuado, 71,0 inact,  0,7 en espera,  0,
%Cpu(s): 16,2 usuario, 13,4 sist,  0,0 adecuado, 69,6 inact,  0,9 en espera,  0,
%Cpu(s): 18,4 usuario, 15,2 sist,  0,0 adecuado, 66,3 inact,  0,0 en espera,  0,
%Cpu(s): 15,6 usuario, 14,7 sist,  0,0 adecuado, 67,8 inact,  1,8 en espera,  0,
%Cpu(s): 11